<?xml version="1.0" encoding="UTF-8"?>
<testsuite xmlns:xsi="http://www.w3.org/2001/XMLSchema-instance" xsi:noNamespaceSchemaLocation="https://maven.apache.org/surefire/maven-surefire-plugin/xsd/surefire-test-report-3.0.xsd" version="3.0" name="com.udacity.catpoint.security.application.SecurityServiceTest" time="1.395" tests="24" errors="0" skipped="0" failures="0">
  <properties>
[...]
</properties>
  <testcase name="checking_to_see_if_sensor_is_activated_and_system_says_pending_puts_alarm_status_to_alarm" classname="com.udacity.catpoint.security.application.SecurityServiceTest" time="1.123"/>
  <testcase name="checking_to_see_if_image_service_identifies_cat_and_system_goes_to_alarm_status" classname="com.udacity.catpoint.security.application.SecurityServiceTest" time="0.098"/>
  <testcase name="checking_to_see_if_alarm_is_active_change_in_sensor_state_not_affect_alarm_state" classname="com.udacity.catpoint.security.application.SecurityServiceTest" time="0.005"/>
  <testcase name="check_to_see_system_is_armed_while_cat_is_detected_set_alarm_status_to_alarm" classname="com.udacity.catpoint.security.application.SecurityServiceTest" time="0.006"/>
  <testcase name="check_to_see_if_handSensor_is_activated_when_repository_is_disarmed_and_alarm_should_trigger_handle_sensor_to_deactivate" classname="com.udacity.catpoint.security.application.SecurityServiceTest" time="0.004"/>
  <testcase name="checking_to_see_if_the_alarm_goes_off_when_alarm_is_armed_and_sensor_active" classname="com.udacity.catpoint.security.application.SecurityServiceTest" time="0.005"/>
  <testcase name="checking_to_see_if_system_is_disarmed_status_set_to_no_alarm" classname="com.udacity.catpoint.security.application.SecurityServiceTest" time="0.004"/>
  <testcase name="checking_to_see_if_cat_not_detected_change_status_to_no_alarm_as_long_as_sensor_inactive" classname="com.udacity.catpoint.security.application.SecurityServiceTest" time="0.01"/>
  <testcase name="if_camera_image_does_not_contain_cat_and_sensors_are_not_active_change_status_to_no_alarm" classname="com.udacity.catpoint.security.application.SecurityServiceTest" time="0.006"/>
  <testcase name="checking_to_see_if_change_alarm_status_does_not_change_when_sensor_is_deactivated" classname="com.udacity.catpoint.security.application.SecurityServiceTest" time="0.003"/>
  <testcase name="test_add_and_remove_sensor" classname="com.udacity.catpoint.security.application.SecurityServiceTest" time="0.003"/>
  <testcase name="checking_to_see_if_armed_all_sensors_are_inactive" classname="com.udacity.catpoint.security.application.SecurityServiceTest" time="0.003"/>
  <testcase name="if_the_system_is_armed_reset_all_sensors_to_inactive(ArmingStatus)[1]" classname="com.udacity.catpoint.security.application.SecurityServiceTest" time="0.018"/>
  <testcase name="if_the_system_is_armed_reset_all_sensors_to_inactive(ArmingStatus)[2]" classname="com.udacity.catpoint.security.application.SecurityServiceTest" time="0.003"/>
  <testcase name="if_the_system_is_armed_reset_all_sensors_to_inactive(ArmingStatus)[3]" classname="com.udacity.catpoint.security.application.SecurityServiceTest" time="0.003"/>
  <testcase name="test_to_see_if_sensor_can_be_updated" classname="com.udacity.catpoint.security.application.SecurityServiceTest" time="0.003"/>
  <testcase name="checking_to_see_if_change_in_sensor_activation_status_deactivate_sensor" classname="com.udacity.catpoint.security.application.SecurityServiceTest" time="0.003"/>
  <testcase name="checking_to_see_if_arming_status_can_run_three_times(ArmingStatus)[1]" classname="com.udacity.catpoint.security.application.SecurityServiceTest" time="0.003"/>
  <testcase name="checking_to_see_if_arming_status_can_run_three_times(ArmingStatus)[2]" classname="com.udacity.catpoint.security.application.SecurityServiceTest" time="0.002"/>
  <testcase name="checking_to_see_if_arming_status_can_run_three_times(ArmingStatus)[3]" classname="com.udacity.catpoint.security.application.SecurityServiceTest" time="0.002"/>
  <testcase name="checking_to_see_if_sensors_inactive_and_alarm_pending_return_no_state" classname="com.udacity.catpoint.security.application.SecurityServiceTest" time="0.003"/>
  <testcase name="checking_to_see_if_alarm_is_armed_alarm_status_is_pending" classname="com.udacity.catpoint.security.application.SecurityServiceTest" time="0.004"/>
  <testcase name="test_add_and_remove_status_listener" classname="com.udacity.catpoint.security.application.SecurityServiceTest" time="0.002"/>
  <testcase name="checking_to_see_if_system_is_armed_and_cat_is_detected_alarm_status_set_to_alarm" classname="com.udacity.catpoint.security.application.SecurityServiceTest" time="0.004"/>
</testsuite>